{
  "/Users/bytedance/project/personal/attachments/packages/monitor-sdk-browser/src/constants.ts": {
    "path": "/Users/bytedance/project/personal/attachments/packages/monitor-sdk-browser/src/constants.ts",
    "statementMap": {},
    "fnMap": {},
    "branchMap": {},
    "s": {},
    "f": {},
    "b": {},
    "_coverageSchema": "1a1c01bbd47fc00a2c39e90264f33305004495a9",
    "hash": "efda3fff12f332d8d546528ed2191d7bbbfa20a3"
  },
  "/Users/bytedance/project/personal/attachments/packages/monitor-sdk-browser/src/types.ts": {
    "path": "/Users/bytedance/project/personal/attachments/packages/monitor-sdk-browser/src/types.ts",
    "statementMap": {},
    "fnMap": {},
    "branchMap": {},
    "s": {},
    "f": {},
    "b": {},
    "_coverageSchema": "1a1c01bbd47fc00a2c39e90264f33305004495a9",
    "hash": "f57b437cabf58451be30abc2e31c6e23642b4e44"
  },
  "/Users/bytedance/project/personal/attachments/packages/monitor-sdk-browser/src/utils/get-first-and-last.ts": {
    "path": "/Users/bytedance/project/personal/attachments/packages/monitor-sdk-browser/src/utils/get-first-and-last.ts",
    "statementMap": {
      "0": {
        "start": {
          "line": 1,
          "column": 31
        },
        "end": {
          "line": 6,
          "column": 1
        }
      },
      "1": {
        "start": {
          "line": 2,
          "column": 2
        },
        "end": {
          "line": 4,
          "column": 3
        }
      },
      "2": {
        "start": {
          "line": 3,
          "column": 4
        },
        "end": {
          "line": 3,
          "column": 41
        }
      },
      "3": {
        "start": {
          "line": 5,
          "column": 2
        },
        "end": {
          "line": 5,
          "column": 32
        }
      }
    },
    "fnMap": {
      "0": {
        "name": "(anonymous_0)",
        "decl": {
          "start": {
            "line": 1,
            "column": 31
          },
          "end": {
            "line": 1,
            "column": 32
          }
        },
        "loc": {
          "start": {
            "line": 1,
            "column": 48
          },
          "end": {
            "line": 6,
            "column": 1
          }
        },
        "line": 1
      }
    },
    "branchMap": {
      "0": {
        "loc": {
          "start": {
            "line": 2,
            "column": 2
          },
          "end": {
            "line": 4,
            "column": 3
          }
        },
        "type": "if",
        "locations": [
          {
            "start": {
              "line": 2,
              "column": 2
            },
            "end": {
              "line": 4,
              "column": 3
            }
          },
          {
            "start": {},
            "end": {}
          }
        ],
        "line": 2
      },
      "1": {
        "loc": {
          "start": {
            "line": 2,
            "column": 6
          },
          "end": {
            "line": 2,
            "column": 42
          }
        },
        "type": "binary-expr",
        "locations": [
          {
            "start": {
              "line": 2,
              "column": 6
            },
            "end": {
              "line": 2,
              "column": 24
            }
          },
          {
            "start": {
              "line": 2,
              "column": 28
            },
            "end": {
              "line": 2,
              "column": 42
            }
          }
        ],
        "line": 2
      }
    },
    "s": {
      "0": 1,
      "1": 0,
      "2": 0,
      "3": 0
    },
    "f": {
      "0": 0
    },
    "b": {
      "0": [
        0,
        0
      ],
      "1": [
        0,
        0
      ]
    },
    "_coverageSchema": "1a1c01bbd47fc00a2c39e90264f33305004495a9",
    "hash": "38a4c012df098684460690bbbc84ef44c05ab14c"
  },
  "/Users/bytedance/project/personal/attachments/packages/monitor-sdk-browser/src/utils/noop.ts": {
    "path": "/Users/bytedance/project/personal/attachments/packages/monitor-sdk-browser/src/utils/noop.ts",
    "statementMap": {
      "0": {
        "start": {
          "line": 7,
          "column": 20
        },
        "end": {
          "line": 9,
          "column": 1
        }
      },
      "1": {
        "start": {
          "line": 8,
          "column": 2
        },
        "end": {
          "line": 8,
          "column": 19
        }
      }
    },
    "fnMap": {
      "0": {
        "name": "(anonymous_0)",
        "decl": {
          "start": {
            "line": 7,
            "column": 20
          },
          "end": {
            "line": 7,
            "column": 21
          }
        },
        "loc": {
          "start": {
            "line": 7,
            "column": 26
          },
          "end": {
            "line": 9,
            "column": 1
          }
        },
        "line": 7
      }
    },
    "branchMap": {},
    "s": {
      "0": 1,
      "1": 0
    },
    "f": {
      "0": 0
    },
    "b": {},
    "_coverageSchema": "1a1c01bbd47fc00a2c39e90264f33305004495a9",
    "hash": "9fc63f8665512cd377ce46fc7cf1ea2627d7c80a"
  },
  "/Users/bytedance/project/personal/attachments/packages/monitor-sdk-browser/src/utils/browser-interfaces.ts": {
    "path": "/Users/bytedance/project/personal/attachments/packages/monitor-sdk-browser/src/utils/browser-interfaces.ts",
    "statementMap": {
      "0": {
        "start": {
          "line": 3,
          "column": 32
        },
        "end": {
          "line": 8,
          "column": 1
        }
      },
      "1": {
        "start": {
          "line": 4,
          "column": 2
        },
        "end": {
          "line": 6,
          "column": 3
        }
      },
      "2": {
        "start": {
          "line": 5,
          "column": 4
        },
        "end": {
          "line": 5,
          "column": 18
        }
      },
      "3": {
        "start": {
          "line": 7,
          "column": 2
        },
        "end": {
          "line": 7,
          "column": 14
        }
      },
      "4": {
        "start": {
          "line": 10,
          "column": 30
        },
        "end": {
          "line": 15,
          "column": 1
        }
      },
      "5": {
        "start": {
          "line": 11,
          "column": 2
        },
        "end": {
          "line": 13,
          "column": 3
        }
      },
      "6": {
        "start": {
          "line": 12,
          "column": 4
        },
        "end": {
          "line": 12,
          "column": 30
        }
      },
      "7": {
        "start": {
          "line": 14,
          "column": 2
        },
        "end": {
          "line": 14,
          "column": 14
        }
      },
      "8": {
        "start": {
          "line": 17,
          "column": 38
        },
        "end": {
          "line": 22,
          "column": 1
        }
      },
      "9": {
        "start": {
          "line": 18,
          "column": 2
        },
        "end": {
          "line": 20,
          "column": 3
        }
      },
      "10": {
        "start": {
          "line": 19,
          "column": 4
        },
        "end": {
          "line": 19,
          "column": 38
        }
      },
      "11": {
        "start": {
          "line": 21,
          "column": 2
        },
        "end": {
          "line": 21,
          "column": 14
        }
      },
      "12": {
        "start": {
          "line": 24,
          "column": 33
        },
        "end": {
          "line": 29,
          "column": 1
        }
      },
      "13": {
        "start": {
          "line": 25,
          "column": 2
        },
        "end": {
          "line": 27,
          "column": 3
        }
      },
      "14": {
        "start": {
          "line": 26,
          "column": 4
        },
        "end": {
          "line": 26,
          "column": 33
        }
      },
      "15": {
        "start": {
          "line": 28,
          "column": 2
        },
        "end": {
          "line": 28,
          "column": 14
        }
      },
      "16": {
        "start": {
          "line": 31,
          "column": 27
        },
        "end": {
          "line": 37,
          "column": 1
        }
      },
      "17": {
        "start": {
          "line": 32,
          "column": 17
        },
        "end": {
          "line": 32,
          "column": 35
        }
      },
      "18": {
        "start": {
          "line": 33,
          "column": 2
        },
        "end": {
          "line": 35,
          "column": 3
        }
      },
      "19": {
        "start": {
          "line": 34,
          "column": 4
        },
        "end": {
          "line": 34,
          "column": 16
        }
      },
      "20": {
        "start": {
          "line": 36,
          "column": 2
        },
        "end": {
          "line": 36,
          "column": 25
        }
      }
    },
    "fnMap": {
      "0": {
        "name": "(anonymous_0)",
        "decl": {
          "start": {
            "line": 3,
            "column": 32
          },
          "end": {
            "line": 3,
            "column": 33
          }
        },
        "loc": {
          "start": {
            "line": 3,
            "column": 38
          },
          "end": {
            "line": 8,
            "column": 1
          }
        },
        "line": 3
      },
      "1": {
        "name": "(anonymous_1)",
        "decl": {
          "start": {
            "line": 10,
            "column": 30
          },
          "end": {
            "line": 10,
            "column": 31
          }
        },
        "loc": {
          "start": {
            "line": 10,
            "column": 36
          },
          "end": {
            "line": 15,
            "column": 1
          }
        },
        "line": 10
      },
      "2": {
        "name": "(anonymous_2)",
        "decl": {
          "start": {
            "line": 17,
            "column": 38
          },
          "end": {
            "line": 17,
            "column": 39
          }
        },
        "loc": {
          "start": {
            "line": 17,
            "column": 44
          },
          "end": {
            "line": 22,
            "column": 1
          }
        },
        "line": 17
      },
      "3": {
        "name": "(anonymous_3)",
        "decl": {
          "start": {
            "line": 24,
            "column": 33
          },
          "end": {
            "line": 24,
            "column": 34
          }
        },
        "loc": {
          "start": {
            "line": 24,
            "column": 39
          },
          "end": {
            "line": 29,
            "column": 1
          }
        },
        "line": 24
      },
      "4": {
        "name": "(anonymous_4)",
        "decl": {
          "start": {
            "line": 31,
            "column": 27
          },
          "end": {
            "line": 31,
            "column": 28
          }
        },
        "loc": {
          "start": {
            "line": 31,
            "column": 33
          },
          "end": {
            "line": 37,
            "column": 1
          }
        },
        "line": 31
      }
    },
    "branchMap": {
      "0": {
        "loc": {
          "start": {
            "line": 4,
            "column": 2
          },
          "end": {
            "line": 6,
            "column": 3
          }
        },
        "type": "if",
        "locations": [
          {
            "start": {
              "line": 4,
              "column": 2
            },
            "end": {
              "line": 6,
              "column": 3
            }
          },
          {
            "start": {},
            "end": {}
          }
        ],
        "line": 4
      },
      "1": {
        "loc": {
          "start": {
            "line": 11,
            "column": 2
          },
          "end": {
            "line": 13,
            "column": 3
          }
        },
        "type": "if",
        "locations": [
          {
            "start": {
              "line": 11,
              "column": 2
            },
            "end": {
              "line": 13,
              "column": 3
            }
          },
          {
            "start": {},
            "end": {}
          }
        ],
        "line": 11
      },
      "2": {
        "loc": {
          "start": {
            "line": 11,
            "column": 6
          },
          "end": {
            "line": 11,
            "column": 56
          }
        },
        "type": "binary-expr",
        "locations": [
          {
            "start": {
              "line": 11,
              "column": 6
            },
            "end": {
              "line": 11,
              "column": 24
            }
          },
          {
            "start": {
              "line": 11,
              "column": 28
            },
            "end": {
              "line": 11,
              "column": 56
            }
          }
        ],
        "line": 11
      },
      "3": {
        "loc": {
          "start": {
            "line": 18,
            "column": 2
          },
          "end": {
            "line": 20,
            "column": 3
          }
        },
        "type": "if",
        "locations": [
          {
            "start": {
              "line": 18,
              "column": 2
            },
            "end": {
              "line": 20,
              "column": 3
            }
          },
          {
            "start": {},
            "end": {}
          }
        ],
        "line": 18
      },
      "4": {
        "loc": {
          "start": {
            "line": 18,
            "column": 6
          },
          "end": {
            "line": 18,
            "column": 66
          }
        },
        "type": "binary-expr",
        "locations": [
          {
            "start": {
              "line": 18,
              "column": 6
            },
            "end": {
              "line": 18,
              "column": 24
            }
          },
          {
            "start": {
              "line": 18,
              "column": 28
            },
            "end": {
              "line": 18,
              "column": 66
            }
          }
        ],
        "line": 18
      },
      "5": {
        "loc": {
          "start": {
            "line": 25,
            "column": 2
          },
          "end": {
            "line": 27,
            "column": 3
          }
        },
        "type": "if",
        "locations": [
          {
            "start": {
              "line": 25,
              "column": 2
            },
            "end": {
              "line": 27,
              "column": 3
            }
          },
          {
            "start": {},
            "end": {}
          }
        ],
        "line": 25
      },
      "6": {
        "loc": {
          "start": {
            "line": 25,
            "column": 6
          },
          "end": {
            "line": 25,
            "column": 61
          }
        },
        "type": "binary-expr",
        "locations": [
          {
            "start": {
              "line": 25,
              "column": 6
            },
            "end": {
              "line": 25,
              "column": 24
            }
          },
          {
            "start": {
              "line": 25,
              "column": 28
            },
            "end": {
              "line": 25,
              "column": 61
            }
          }
        ],
        "line": 25
      },
      "7": {
        "loc": {
          "start": {
            "line": 33,
            "column": 2
          },
          "end": {
            "line": 35,
            "column": 3
          }
        },
        "type": "if",
        "locations": [
          {
            "start": {
              "line": 33,
              "column": 2
            },
            "end": {
              "line": 35,
              "column": 3
            }
          },
          {
            "start": {},
            "end": {}
          }
        ],
        "line": 33
      },
      "8": {
        "loc": {
          "start": {
            "line": 33,
            "column": 6
          },
          "end": {
            "line": 33,
            "column": 33
          }
        },
        "type": "binary-expr",
        "locations": [
          {
            "start": {
              "line": 33,
              "column": 6
            },
            "end": {
              "line": 33,
              "column": 13
            }
          },
          {
            "start": {
              "line": 33,
              "column": 17
            },
            "end": {
              "line": 33,
              "column": 33
            }
          }
        ],
        "line": 33
      }
    },
    "s": {
      "0": 1,
      "1": 63,
      "2": 63,
      "3": 0,
      "4": 1,
      "5": 28,
      "6": 28,
      "7": 0,
      "8": 1,
      "9": 0,
      "10": 0,
      "11": 0,
      "12": 1,
      "13": 0,
      "14": 0,
      "15": 0,
      "16": 1,
      "17": 0,
      "18": 0,
      "19": 0,
      "20": 0
    },
    "f": {
      "0": 63,
      "1": 28,
      "2": 0,
      "3": 0,
      "4": 0
    },
    "b": {
      "0": [
        63,
        0
      ],
      "1": [
        28,
        0
      ],
      "2": [
        28,
        28
      ],
      "3": [
        0,
        0
      ],
      "4": [
        0,
        0
      ],
      "5": [
        0,
        0
      ],
      "6": [
        0,
        0
      ],
      "7": [
        0,
        0
      ],
      "8": [
        0,
        0
      ]
    },
    "_coverageSchema": "1a1c01bbd47fc00a2c39e90264f33305004495a9",
    "hash": "ab4edc81437b665606600ec1578148f6e3c8359d"
  },
  "/Users/bytedance/project/personal/attachments/packages/monitor-sdk-browser/src/utils/observe-performance.ts": {
    "path": "/Users/bytedance/project/personal/attachments/packages/monitor-sdk-browser/src/utils/observe-performance.ts",
    "statementMap": {
      "0": {
        "start": {
          "line": 20,
          "column": 34
        },
        "end": {
          "line": 53,
          "column": 1
        }
      },
      "1": {
        "start": {
          "line": 25,
          "column": 16
        },
        "end": {
          "line": 25,
          "column": 20
        }
      },
      "2": {
        "start": {
          "line": 27,
          "column": 19
        },
        "end": {
          "line": 27,
          "column": 24
        }
      },
      "3": {
        "start": {
          "line": 30,
          "column": 30
        },
        "end": {
          "line": 30,
          "column": 54
        }
      },
      "4": {
        "start": {
          "line": 31,
          "column": 2
        },
        "end": {
          "line": 50,
          "column": 3
        }
      },
      "5": {
        "start": {
          "line": 32,
          "column": 29
        },
        "end": {
          "line": 42,
          "column": 6
        }
      },
      "6": {
        "start": {
          "line": 34,
          "column": 6
        },
        "end": {
          "line": 36,
          "column": 7
        }
      },
      "7": {
        "start": {
          "line": 35,
          "column": 8
        },
        "end": {
          "line": 35,
          "column": 15
        }
      },
      "8": {
        "start": {
          "line": 39,
          "column": 33
        },
        "end": {
          "line": 39,
          "column": 50
        }
      },
      "9": {
        "start": {
          "line": 40,
          "column": 6
        },
        "end": {
          "line": 40,
          "column": 35
        }
      },
      "10": {
        "start": {
          "line": 41,
          "column": 6
        },
        "end": {
          "line": 41,
          "column": 24
        }
      },
      "11": {
        "start": {
          "line": 44,
          "column": 4
        },
        "end": {
          "line": 44,
          "column": 38
        }
      },
      "12": {
        "start": {
          "line": 47,
          "column": 4
        },
        "end": {
          "line": 49,
          "column": 6
        }
      },
      "13": {
        "start": {
          "line": 48,
          "column": 6
        },
        "end": {
          "line": 48,
          "column": 36
        }
      },
      "14": {
        "start": {
          "line": 52,
          "column": 2
        },
        "end": {
          "line": 52,
          "column": 17
        }
      }
    },
    "fnMap": {
      "0": {
        "name": "(anonymous_0)",
        "decl": {
          "start": {
            "line": 20,
            "column": 34
          },
          "end": {
            "line": 20,
            "column": 35
          }
        },
        "loc": {
          "start": {
            "line": 24,
            "column": 5
          },
          "end": {
            "line": 53,
            "column": 1
          }
        },
        "line": 24
      },
      "1": {
        "name": "(anonymous_1)",
        "decl": {
          "start": {
            "line": 32,
            "column": 53
          },
          "end": {
            "line": 32,
            "column": 54
          }
        },
        "loc": {
          "start": {
            "line": 32,
            "column": 63
          },
          "end": {
            "line": 42,
            "column": 5
          }
        },
        "line": 32
      },
      "2": {
        "name": "(anonymous_2)",
        "decl": {
          "start": {
            "line": 47,
            "column": 14
          },
          "end": {
            "line": 47,
            "column": 15
          }
        },
        "loc": {
          "start": {
            "line": 47,
            "column": 20
          },
          "end": {
            "line": 49,
            "column": 5
          }
        },
        "line": 47
      }
    },
    "branchMap": {
      "0": {
        "loc": {
          "start": {
            "line": 23,
            "column": 2
          },
          "end": {
            "line": 23,
            "column": 23
          }
        },
        "type": "default-arg",
        "locations": [
          {
            "start": {
              "line": 23,
              "column": 18
            },
            "end": {
              "line": 23,
              "column": 23
            }
          }
        ],
        "line": 23
      },
      "1": {
        "loc": {
          "start": {
            "line": 31,
            "column": 2
          },
          "end": {
            "line": 50,
            "column": 3
          }
        },
        "type": "if",
        "locations": [
          {
            "start": {
              "line": 31,
              "column": 2
            },
            "end": {
              "line": 50,
              "column": 3
            }
          },
          {
            "start": {},
            "end": {}
          }
        ],
        "line": 31
      },
      "2": {
        "loc": {
          "start": {
            "line": 34,
            "column": 6
          },
          "end": {
            "line": 36,
            "column": 7
          }
        },
        "type": "if",
        "locations": [
          {
            "start": {
              "line": 34,
              "column": 6
            },
            "end": {
              "line": 36,
              "column": 7
            }
          },
          {
            "start": {},
            "end": {}
          }
        ],
        "line": 34
      },
      "3": {
        "loc": {
          "start": {
            "line": 34,
            "column": 10
          },
          "end": {
            "line": 34,
            "column": 28
          }
        },
        "type": "binary-expr",
        "locations": [
          {
            "start": {
              "line": 34,
              "column": 10
            },
            "end": {
              "line": 34,
              "column": 14
            }
          },
          {
            "start": {
              "line": 34,
              "column": 18
            },
            "end": {
              "line": 34,
              "column": 28
            }
          }
        ],
        "line": 34
      }
    },
    "s": {
      "0": 1,
      "1": 0,
      "2": 0,
      "3": 0,
      "4": 0,
      "5": 0,
      "6": 0,
      "7": 0,
      "8": 0,
      "9": 0,
      "10": 0,
      "11": 0,
      "12": 0,
      "13": 0,
      "14": 0
    },
    "f": {
      "0": 0,
      "1": 0,
      "2": 0
    },
    "b": {
      "0": [
        0
      ],
      "1": [
        0,
        0
      ],
      "2": [
        0,
        0
      ],
      "3": [
        0,
        0
      ]
    },
    "_coverageSchema": "1a1c01bbd47fc00a2c39e90264f33305004495a9",
    "hash": "ea0002eb57ca52696adfaab9592d0246f7f6d35d"
  },
  "/Users/bytedance/project/personal/attachments/packages/monitor-sdk-browser/src/cls/cls-monitor.ts": {
    "path": "/Users/bytedance/project/personal/attachments/packages/monitor-sdk-browser/src/cls/cls-monitor.ts",
    "statementMap": {
      "0": {
        "start": {
          "line": 15,
          "column": 32
        },
        "end": {
          "line": 15,
          "column": 36
        }
      },
      "1": {
        "start": {
          "line": 18,
          "column": 45
        },
        "end": {
          "line": 18,
          "column": 49
        }
      },
      "2": {
        "start": {
          "line": 25,
          "column": 51
        },
        "end": {
          "line": 27,
          "column": 3
        }
      },
      "3": {
        "start": {
          "line": 29,
          "column": 17
        },
        "end": {
          "line": 29,
          "column": 18
        }
      },
      "4": {
        "start": {
          "line": 30,
          "column": 21
        },
        "end": {
          "line": 30,
          "column": 22
        }
      },
      "5": {
        "start": {
          "line": 31,
          "column": 38
        },
        "end": {
          "line": 31,
          "column": 40
        }
      },
      "6": {
        "start": {
          "line": 33,
          "column": 18
        },
        "end": {
          "line": 70,
          "column": 4
        }
      },
      "7": {
        "start": {
          "line": 34,
          "column": 16
        },
        "end": {
          "line": 34,
          "column": 32
        }
      },
      "8": {
        "start": {
          "line": 35,
          "column": 4
        },
        "end": {
          "line": 69,
          "column": 5
        }
      },
      "9": {
        "start": {
          "line": 35,
          "column": 17
        },
        "end": {
          "line": 35,
          "column": 18
        }
      },
      "10": {
        "start": {
          "line": 36,
          "column": 20
        },
        "end": {
          "line": 36,
          "column": 58
        }
      },
      "11": {
        "start": {
          "line": 39,
          "column": 6
        },
        "end": {
          "line": 68,
          "column": 7
        }
      },
      "12": {
        "start": {
          "line": 40,
          "column": 54
        },
        "end": {
          "line": 40,
          "column": 98
        }
      },
      "13": {
        "start": {
          "line": 45,
          "column": 8
        },
        "end": {
          "line": 55,
          "column": 9
        }
      },
      "14": {
        "start": {
          "line": 50,
          "column": 10
        },
        "end": {
          "line": 50,
          "column": 38
        }
      },
      "15": {
        "start": {
          "line": 51,
          "column": 10
        },
        "end": {
          "line": 51,
          "column": 37
        }
      },
      "16": {
        "start": {
          "line": 53,
          "column": 10
        },
        "end": {
          "line": 53,
          "column": 37
        }
      },
      "17": {
        "start": {
          "line": 54,
          "column": 10
        },
        "end": {
          "line": 54,
          "column": 35
        }
      },
      "18": {
        "start": {
          "line": 58,
          "column": 8
        },
        "end": {
          "line": 67,
          "column": 9
        }
      },
      "19": {
        "start": {
          "line": 59,
          "column": 10
        },
        "end": {
          "line": 59,
          "column": 34
        }
      },
      "20": {
        "start": {
          "line": 61,
          "column": 10
        },
        "end": {
          "line": 66,
          "column": 13
        }
      },
      "21": {
        "start": {
          "line": 72,
          "column": 2
        },
        "end": {
          "line": 74,
          "column": 4
        }
      }
    },
    "fnMap": {
      "0": {
        "name": "createClsMonitor",
        "decl": {
          "start": {
            "line": 20,
            "column": 16
          },
          "end": {
            "line": 20,
            "column": 32
          }
        },
        "loc": {
          "start": {
            "line": 20,
            "column": 71
          },
          "end": {
            "line": 75,
            "column": 1
          }
        },
        "line": 20
      },
      "1": {
        "name": "(anonymous_1)",
        "decl": {
          "start": {
            "line": 33,
            "column": 54
          },
          "end": {
            "line": 33,
            "column": 55
          }
        },
        "loc": {
          "start": {
            "line": 33,
            "column": 69
          },
          "end": {
            "line": 70,
            "column": 3
          }
        },
        "line": 33
      }
    },
    "branchMap": {
      "0": {
        "loc": {
          "start": {
            "line": 39,
            "column": 6
          },
          "end": {
            "line": 68,
            "column": 7
          }
        },
        "type": "if",
        "locations": [
          {
            "start": {
              "line": 39,
              "column": 6
            },
            "end": {
              "line": 68,
              "column": 7
            }
          },
          {
            "start": {},
            "end": {}
          }
        ],
        "line": 39
      },
      "1": {
        "loc": {
          "start": {
            "line": 45,
            "column": 8
          },
          "end": {
            "line": 55,
            "column": 9
          }
        },
        "type": "if",
        "locations": [
          {
            "start": {
              "line": 45,
              "column": 8
            },
            "end": {
              "line": 55,
              "column": 9
            }
          },
          {
            "start": {
              "line": 52,
              "column": 15
            },
            "end": {
              "line": 55,
              "column": 9
            }
          }
        ],
        "line": 45
      },
      "2": {
        "loc": {
          "start": {
            "line": 46,
            "column": 10
          },
          "end": {
            "line": 48,
            "column": 87
          }
        },
        "type": "binary-expr",
        "locations": [
          {
            "start": {
              "line": 46,
              "column": 10
            },
            "end": {
              "line": 46,
              "column": 22
            }
          },
          {
            "start": {
              "line": 47,
              "column": 10
            },
            "end": {
              "line": 47,
              "column": 73
            }
          },
          {
            "start": {
              "line": 48,
              "column": 10
            },
            "end": {
              "line": 48,
              "column": 87
            }
          }
        ],
        "line": 46
      },
      "3": {
        "loc": {
          "start": {
            "line": 58,
            "column": 8
          },
          "end": {
            "line": 67,
            "column": 9
          }
        },
        "type": "if",
        "locations": [
          {
            "start": {
              "line": 58,
              "column": 8
            },
            "end": {
              "line": 67,
              "column": 9
            }
          },
          {
            "start": {},
            "end": {}
          }
        ],
        "line": 58
      }
    },
    "s": {
      "0": 1,
      "1": 1,
      "2": 0,
      "3": 0,
      "4": 0,
      "5": 0,
      "6": 0,
      "7": 0,
      "8": 0,
      "9": 0,
      "10": 0,
      "11": 0,
      "12": 0,
      "13": 0,
      "14": 0,
      "15": 0,
      "16": 0,
      "17": 0,
      "18": 0,
      "19": 0,
      "20": 0,
      "21": 0
    },
    "f": {
      "0": 0,
      "1": 0
    },
    "b": {
      "0": [
        0,
        0
      ],
      "1": [
        0,
        0
      ],
      "2": [
        0,
        0,
        0
      ],
      "3": [
        0,
        0
      ]
    },
    "_coverageSchema": "1a1c01bbd47fc00a2c39e90264f33305004495a9",
    "hash": "5919d12a4089280588420d14e210daf0f3597e8e"
  },
  "/Users/bytedance/project/personal/attachments/packages/monitor-sdk-browser/src/utils/patch-method.ts": {
    "path": "/Users/bytedance/project/personal/attachments/packages/monitor-sdk-browser/src/utils/patch-method.ts",
    "statementMap": {
      "0": {
        "start": {
          "line": 15,
          "column": 27
        },
        "end": {
          "line": 24,
          "column": 1
        }
      },
      "1": {
        "start": {
          "line": 20,
          "column": 2
        },
        "end": {
          "line": 23,
          "column": 4
        }
      },
      "2": {
        "start": {
          "line": 22,
          "column": 4
        },
        "end": {
          "line": 22,
          "column": 44
        }
      }
    },
    "fnMap": {
      "0": {
        "name": "(anonymous_0)",
        "decl": {
          "start": {
            "line": 15,
            "column": 27
          },
          "end": {
            "line": 15,
            "column": 28
          }
        },
        "loc": {
          "start": {
            "line": 19,
            "column": 5
          },
          "end": {
            "line": 24,
            "column": 1
          }
        },
        "line": 19
      },
      "1": {
        "name": "(anonymous_1)",
        "decl": {
          "start": {
            "line": 20,
            "column": 9
          },
          "end": {
            "line": 20,
            "column": 10
          }
        },
        "loc": {
          "start": {
            "line": 20,
            "column": 27
          },
          "end": {
            "line": 23,
            "column": 3
          }
        },
        "line": 20
      }
    },
    "branchMap": {},
    "s": {
      "0": 1,
      "1": 0,
      "2": 0
    },
    "f": {
      "0": 0,
      "1": 0
    },
    "b": {},
    "_coverageSchema": "1a1c01bbd47fc00a2c39e90264f33305004495a9",
    "hash": "e33701025169c1324767066d3dff948ca36c4567"
  },
  "/Users/bytedance/project/personal/attachments/packages/monitor-sdk-browser/src/utils/format-plain-headers-string.ts": {
    "path": "/Users/bytedance/project/personal/attachments/packages/monitor-sdk-browser/src/utils/format-plain-headers-string.ts",
    "statementMap": {
      "0": {
        "start": {
          "line": 7,
          "column": 40
        },
        "end": {
          "line": 18,
          "column": 1
        }
      },
      "1": {
        "start": {
          "line": 8,
          "column": 18
        },
        "end": {
          "line": 8,
          "column": 51
        }
      },
      "2": {
        "start": {
          "line": 10,
          "column": 20
        },
        "end": {
          "line": 10,
          "column": 22
        }
      },
      "3": {
        "start": {
          "line": 11,
          "column": 2
        },
        "end": {
          "line": 16,
          "column": 3
        }
      },
      "4": {
        "start": {
          "line": 11,
          "column": 15
        },
        "end": {
          "line": 11,
          "column": 16
        }
      },
      "5": {
        "start": {
          "line": 12,
          "column": 17
        },
        "end": {
          "line": 12,
          "column": 27
        }
      },
      "6": {
        "start": {
          "line": 13,
          "column": 18
        },
        "end": {
          "line": 13,
          "column": 34
        }
      },
      "7": {
        "start": {
          "line": 14,
          "column": 19
        },
        "end": {
          "line": 14,
          "column": 32
        }
      },
      "8": {
        "start": {
          "line": 15,
          "column": 4
        },
        "end": {
          "line": 15,
          "column": 41
        }
      },
      "9": {
        "start": {
          "line": 17,
          "column": 2
        },
        "end": {
          "line": 17,
          "column": 19
        }
      }
    },
    "fnMap": {
      "0": {
        "name": "(anonymous_0)",
        "decl": {
          "start": {
            "line": 7,
            "column": 40
          },
          "end": {
            "line": 7,
            "column": 41
          }
        },
        "loc": {
          "start": {
            "line": 7,
            "column": 63
          },
          "end": {
            "line": 18,
            "column": 1
          }
        },
        "line": 7
      }
    },
    "branchMap": {},
    "s": {
      "0": 1,
      "1": 0,
      "2": 0,
      "3": 0,
      "4": 0,
      "5": 0,
      "6": 0,
      "7": 0,
      "8": 0,
      "9": 0
    },
    "f": {
      "0": 0
    },
    "b": {},
    "_coverageSchema": "1a1c01bbd47fc00a2c39e90264f33305004495a9",
    "hash": "f87aac6ea840a699b5d62c5244089638bf9c7e51"
  },
  "/Users/bytedance/project/personal/attachments/packages/monitor-sdk-browser/src/utils/assign-keys-between-objects.ts": {
    "path": "/Users/bytedance/project/personal/attachments/packages/monitor-sdk-browser/src/utils/assign-keys-between-objects.ts",
    "statementMap": {
      "0": {
        "start": {
          "line": 9,
          "column": 40
        },
        "end": {
          "line": 15,
          "column": 1
        }
      },
      "1": {
        "start": {
          "line": 10,
          "column": 2
        },
        "end": {
          "line": 14,
          "column": 3
        }
      },
      "2": {
        "start": {
          "line": 10,
          "column": 15
        },
        "end": {
          "line": 10,
          "column": 16
        }
      },
      "3": {
        "start": {
          "line": 11,
          "column": 14
        },
        "end": {
          "line": 11,
          "column": 21
        }
      },
      "4": {
        "start": {
          "line": 13,
          "column": 4
        },
        "end": {
          "line": 13,
          "column": 22
        }
      }
    },
    "fnMap": {
      "0": {
        "name": "(anonymous_0)",
        "decl": {
          "start": {
            "line": 9,
            "column": 40
          },
          "end": {
            "line": 9,
            "column": 41
          }
        },
        "loc": {
          "start": {
            "line": 9,
            "column": 96
          },
          "end": {
            "line": 15,
            "column": 1
          }
        },
        "line": 9
      }
    },
    "branchMap": {},
    "s": {
      "0": 1,
      "1": 28,
      "2": 28,
      "3": 252,
      "4": 252
    },
    "f": {
      "0": 28
    },
    "b": {},
    "_coverageSchema": "1a1c01bbd47fc00a2c39e90264f33305004495a9",
    "hash": "e514b3a7caa147d3e220b0ce7e0186cc4fb58d34"
  },
  "/Users/bytedance/project/personal/attachments/packages/monitor-sdk-browser/src/utils/get-url-data.ts": {
    "path": "/Users/bytedance/project/personal/attachments/packages/monitor-sdk-browser/src/utils/get-url-data.ts",
    "statementMap": {
      "0": {
        "start": {
          "line": 5,
          "column": 26
        },
        "end": {
          "line": 33,
          "column": 1
        }
      },
      "1": {
        "start": {
          "line": 7,
          "column": 25
        },
        "end": {
          "line": 7,
          "column": 113
        }
      },
      "2": {
        "start": {
          "line": 9,
          "column": 14
        },
        "end": {
          "line": 20,
          "column": 3
        }
      },
      "3": {
        "start": {
          "line": 22,
          "column": 12
        },
        "end": {
          "line": 22,
          "column": 30
        }
      },
      "4": {
        "start": {
          "line": 27,
          "column": 2
        },
        "end": {
          "line": 31,
          "column": 3
        }
      },
      "5": {
        "start": {
          "line": 28,
          "column": 14
        },
        "end": {
          "line": 28,
          "column": 41
        }
      },
      "6": {
        "start": {
          "line": 29,
          "column": 4
        },
        "end": {
          "line": 29,
          "column": 17
        }
      },
      "7": {
        "start": {
          "line": 30,
          "column": 4
        },
        "end": {
          "line": 30,
          "column": 43
        }
      },
      "8": {
        "start": {
          "line": 32,
          "column": 2
        },
        "end": {
          "line": 32,
          "column": 13
        }
      }
    },
    "fnMap": {
      "0": {
        "name": "(anonymous_0)",
        "decl": {
          "start": {
            "line": 5,
            "column": 26
          },
          "end": {
            "line": 5,
            "column": 27
          }
        },
        "loc": {
          "start": {
            "line": 5,
            "column": 52
          },
          "end": {
            "line": 33,
            "column": 1
          }
        },
        "line": 5
      }
    },
    "branchMap": {
      "0": {
        "loc": {
          "start": {
            "line": 27,
            "column": 2
          },
          "end": {
            "line": 31,
            "column": 3
          }
        },
        "type": "if",
        "locations": [
          {
            "start": {
              "line": 27,
              "column": 2
            },
            "end": {
              "line": 31,
              "column": 3
            }
          },
          {
            "start": {},
            "end": {}
          }
        ],
        "line": 27
      },
      "1": {
        "loc": {
          "start": {
            "line": 27,
            "column": 6
          },
          "end": {
            "line": 27,
            "column": 21
          }
        },
        "type": "binary-expr",
        "locations": [
          {
            "start": {
              "line": 27,
              "column": 6
            },
            "end": {
              "line": 27,
              "column": 7
            }
          },
          {
            "start": {
              "line": 27,
              "column": 11
            },
            "end": {
              "line": 27,
              "column": 21
            }
          }
        ],
        "line": 27
      }
    },
    "s": {
      "0": 1,
      "1": 28,
      "2": 28,
      "3": 28,
      "4": 28,
      "5": 28,
      "6": 28,
      "7": 28,
      "8": 28
    },
    "f": {
      "0": 28
    },
    "b": {
      "0": [
        28,
        0
      ],
      "1": [
        28,
        28
      ]
    },
    "_coverageSchema": "1a1c01bbd47fc00a2c39e90264f33305004495a9",
    "hash": "dec81330b00fea2d95b900bc82cb6334561cb0d2"
  },
  "/Users/bytedance/project/personal/attachments/packages/monitor-sdk-browser/src/utils/performance-entry.ts": {
    "path": "/Users/bytedance/project/personal/attachments/packages/monitor-sdk-browser/src/utils/performance-entry.ts",
    "statementMap": {
      "0": {
        "start": {
          "line": 11,
          "column": 43
        },
        "end": {
          "line": 18,
          "column": 1
        }
      },
      "1": {
        "start": {
          "line": 12,
          "column": 22
        },
        "end": {
          "line": 12,
          "column": 38
        }
      },
      "2": {
        "start": {
          "line": 14,
          "column": 2
        },
        "end": {
          "line": 16,
          "column": 3
        }
      },
      "3": {
        "start": {
          "line": 15,
          "column": 4
        },
        "end": {
          "line": 15,
          "column": 46
        }
      },
      "4": {
        "start": {
          "line": 17,
          "column": 2
        },
        "end": {
          "line": 17,
          "column": 12
        }
      },
      "5": {
        "start": {
          "line": 27,
          "column": 43
        },
        "end": {
          "line": 33,
          "column": 1
        }
      },
      "6": {
        "start": {
          "line": 28,
          "column": 22
        },
        "end": {
          "line": 28,
          "column": 38
        }
      },
      "7": {
        "start": {
          "line": 29,
          "column": 2
        },
        "end": {
          "line": 31,
          "column": 3
        }
      },
      "8": {
        "start": {
          "line": 30,
          "column": 4
        },
        "end": {
          "line": 30,
          "column": 46
        }
      },
      "9": {
        "start": {
          "line": 32,
          "column": 2
        },
        "end": {
          "line": 32,
          "column": 12
        }
      }
    },
    "fnMap": {
      "0": {
        "name": "(anonymous_0)",
        "decl": {
          "start": {
            "line": 11,
            "column": 43
          },
          "end": {
            "line": 11,
            "column": 44
          }
        },
        "loc": {
          "start": {
            "line": 11,
            "column": 61
          },
          "end": {
            "line": 18,
            "column": 1
          }
        },
        "line": 11
      },
      "1": {
        "name": "(anonymous_1)",
        "decl": {
          "start": {
            "line": 27,
            "column": 43
          },
          "end": {
            "line": 27,
            "column": 44
          }
        },
        "loc": {
          "start": {
            "line": 27,
            "column": 61
          },
          "end": {
            "line": 33,
            "column": 1
          }
        },
        "line": 27
      }
    },
    "branchMap": {
      "0": {
        "loc": {
          "start": {
            "line": 14,
            "column": 2
          },
          "end": {
            "line": 16,
            "column": 3
          }
        },
        "type": "if",
        "locations": [
          {
            "start": {
              "line": 14,
              "column": 2
            },
            "end": {
              "line": 16,
              "column": 3
            }
          },
          {
            "start": {},
            "end": {}
          }
        ],
        "line": 14
      },
      "1": {
        "loc": {
          "start": {
            "line": 14,
            "column": 6
          },
          "end": {
            "line": 14,
            "column": 61
          }
        },
        "type": "binary-expr",
        "locations": [
          {
            "start": {
              "line": 14,
              "column": 6
            },
            "end": {
              "line": 14,
              "column": 17
            }
          },
          {
            "start": {
              "line": 14,
              "column": 21
            },
            "end": {
              "line": 14,
              "column": 61
            }
          }
        ],
        "line": 14
      },
      "2": {
        "loc": {
          "start": {
            "line": 29,
            "column": 2
          },
          "end": {
            "line": 31,
            "column": 3
          }
        },
        "type": "if",
        "locations": [
          {
            "start": {
              "line": 29,
              "column": 2
            },
            "end": {
              "line": 31,
              "column": 3
            }
          },
          {
            "start": {},
            "end": {}
          }
        ],
        "line": 29
      },
      "3": {
        "loc": {
          "start": {
            "line": 29,
            "column": 6
          },
          "end": {
            "line": 29,
            "column": 61
          }
        },
        "type": "binary-expr",
        "locations": [
          {
            "start": {
              "line": 29,
              "column": 6
            },
            "end": {
              "line": 29,
              "column": 17
            }
          },
          {
            "start": {
              "line": 29,
              "column": 21
            },
            "end": {
              "line": 29,
              "column": 61
            }
          }
        ],
        "line": 29
      }
    },
    "s": {
      "0": 1,
      "1": 28,
      "2": 28,
      "3": 28,
      "4": 0,
      "5": 1,
      "6": 0,
      "7": 0,
      "8": 0,
      "9": 0
    },
    "f": {
      "0": 28,
      "1": 0
    },
    "b": {
      "0": [
        28,
        0
      ],
      "1": [
        28,
        28
      ],
      "2": [
        0,
        0
      ],
      "3": [
        0,
        0
      ]
    },
    "_coverageSchema": "1a1c01bbd47fc00a2c39e90264f33305004495a9",
    "hash": "035e5d1a52aaab77a828c4a4adcf17468fb5b103"
  },
  "/Users/bytedance/project/personal/attachments/packages/monitor-sdk-browser/src/xhr/xhr-monitor.ts": {
    "path": "/Users/bytedance/project/personal/attachments/packages/monitor-sdk-browser/src/xhr/xhr-monitor.ts",
    "statementMap": {
      "0": {
        "start": {
          "line": 16,
          "column": 34
        },
        "end": {
          "line": 16,
          "column": 58
        }
      },
      "1": {
        "start": {
          "line": 19,
          "column": 24
        },
        "end": {
          "line": 44,
          "column": 3
        }
      },
      "2": {
        "start": {
          "line": 20,
          "column": 20
        },
        "end": {
          "line": 20,
          "column": 30
        }
      },
      "3": {
        "start": {
          "line": 21,
          "column": 28
        },
        "end": {
          "line": 21,
          "column": 77
        }
      },
      "4": {
        "start": {
          "line": 22,
          "column": 20
        },
        "end": {
          "line": 22,
          "column": 52
        }
      },
      "5": {
        "start": {
          "line": 26,
          "column": 8
        },
        "end": {
          "line": 26,
          "column": 26
        }
      },
      "6": {
        "start": {
          "line": 27,
          "column": 4
        },
        "end": {
          "line": 43,
          "column": 6
        }
      },
      "7": {
        "start": {
          "line": 47,
          "column": 20
        },
        "end": {
          "line": 58,
          "column": 4
        }
      },
      "8": {
        "start": {
          "line": 48,
          "column": 4
        },
        "end": {
          "line": 57,
          "column": 6
        }
      },
      "9": {
        "start": {
          "line": 49,
          "column": 28
        },
        "end": {
          "line": 49,
          "column": 39
        }
      },
      "10": {
        "start": {
          "line": 51,
          "column": 6
        },
        "end": {
          "line": 51,
          "column": 54
        }
      },
      "11": {
        "start": {
          "line": 53,
          "column": 6
        },
        "end": {
          "line": 53,
          "column": 36
        }
      },
      "12": {
        "start": {
          "line": 54,
          "column": 6
        },
        "end": {
          "line": 54,
          "column": 42
        }
      },
      "13": {
        "start": {
          "line": 56,
          "column": 6
        },
        "end": {
          "line": 56,
          "column": 43
        }
      },
      "14": {
        "start": {
          "line": 61,
          "column": 34
        },
        "end": {
          "line": 73,
          "column": 3
        }
      },
      "15": {
        "start": {
          "line": 62,
          "column": 4
        },
        "end": {
          "line": 72,
          "column": 7
        }
      },
      "16": {
        "start": {
          "line": 63,
          "column": 6
        },
        "end": {
          "line": 71,
          "column": 8
        }
      },
      "17": {
        "start": {
          "line": 64,
          "column": 8
        },
        "end": {
          "line": 69,
          "column": 9
        }
      },
      "18": {
        "start": {
          "line": 65,
          "column": 10
        },
        "end": {
          "line": 68,
          "column": 13
        }
      },
      "19": {
        "start": {
          "line": 70,
          "column": 8
        },
        "end": {
          "line": 70,
          "column": 51
        }
      },
      "20": {
        "start": {
          "line": 76,
          "column": 20
        },
        "end": {
          "line": 86,
          "column": 4
        }
      },
      "21": {
        "start": {
          "line": 77,
          "column": 4
        },
        "end": {
          "line": 85,
          "column": 6
        }
      },
      "22": {
        "start": {
          "line": 79,
          "column": 6
        },
        "end": {
          "line": 79,
          "column": 38
        }
      },
      "23": {
        "start": {
          "line": 80,
          "column": 6
        },
        "end": {
          "line": 80,
          "column": 54
        }
      },
      "24": {
        "start": {
          "line": 82,
          "column": 6
        },
        "end": {
          "line": 82,
          "column": 59
        }
      },
      "25": {
        "start": {
          "line": 83,
          "column": 6
        },
        "end": {
          "line": 83,
          "column": 50
        }
      },
      "26": {
        "start": {
          "line": 84,
          "column": 6
        },
        "end": {
          "line": 84,
          "column": 43
        }
      },
      "27": {
        "start": {
          "line": 88,
          "column": 32
        },
        "end": {
          "line": 98,
          "column": 4
        }
      },
      "28": {
        "start": {
          "line": 89,
          "column": 4
        },
        "end": {
          "line": 97,
          "column": 6
        }
      },
      "29": {
        "start": {
          "line": 90,
          "column": 28
        },
        "end": {
          "line": 90,
          "column": 35
        }
      },
      "30": {
        "start": {
          "line": 92,
          "column": 6
        },
        "end": {
          "line": 92,
          "column": 54
        }
      },
      "31": {
        "start": {
          "line": 93,
          "column": 6
        },
        "end": {
          "line": 93,
          "column": 84
        }
      },
      "32": {
        "start": {
          "line": 95,
          "column": 6
        },
        "end": {
          "line": 95,
          "column": 69
        }
      },
      "33": {
        "start": {
          "line": 96,
          "column": 6
        },
        "end": {
          "line": 96,
          "column": 41
        }
      },
      "34": {
        "start": {
          "line": 101,
          "column": 2
        },
        "end": {
          "line": 101,
          "column": 14
        }
      },
      "35": {
        "start": {
          "line": 102,
          "column": 2
        },
        "end": {
          "line": 102,
          "column": 14
        }
      },
      "36": {
        "start": {
          "line": 103,
          "column": 2
        },
        "end": {
          "line": 103,
          "column": 26
        }
      }
    },
    "fnMap": {
      "0": {
        "name": "createXhrMonitor",
        "decl": {
          "start": {
            "line": 15,
            "column": 16
          },
          "end": {
            "line": 15,
            "column": 32
          }
        },
        "loc": {
          "start": {
            "line": 15,
            "column": 61
          },
          "end": {
            "line": 104,
            "column": 1
          }
        },
        "line": 15
      },
      "1": {
        "name": "(anonymous_1)",
        "decl": {
          "start": {
            "line": 19,
            "column": 24
          },
          "end": {
            "line": 19,
            "column": 25
          }
        },
        "loc": {
          "start": {
            "line": 19,
            "column": 86
          },
          "end": {
            "line": 44,
            "column": 3
          }
        },
        "line": 19
      },
      "2": {
        "name": "(anonymous_2)",
        "decl": {
          "start": {
            "line": 47,
            "column": 65
          },
          "end": {
            "line": 47,
            "column": 66
          }
        },
        "loc": {
          "start": {
            "line": 47,
            "column": 75
          },
          "end": {
            "line": 58,
            "column": 3
          }
        },
        "line": 47
      },
      "3": {
        "name": "(anonymous_3)",
        "decl": {
          "start": {
            "line": 48,
            "column": 11
          },
          "end": {
            "line": 48,
            "column": 12
          }
        },
        "loc": {
          "start": {
            "line": 48,
            "column": 66
          },
          "end": {
            "line": 57,
            "column": 5
          }
        },
        "line": 48
      },
      "4": {
        "name": "(anonymous_4)",
        "decl": {
          "start": {
            "line": 61,
            "column": 34
          },
          "end": {
            "line": 61,
            "column": 35
          }
        },
        "loc": {
          "start": {
            "line": 61,
            "column": 69
          },
          "end": {
            "line": 73,
            "column": 3
          }
        },
        "line": 61
      },
      "5": {
        "name": "(anonymous_5)",
        "decl": {
          "start": {
            "line": 62,
            "column": 53
          },
          "end": {
            "line": 62,
            "column": 54
          }
        },
        "loc": {
          "start": {
            "line": 62,
            "column": 65
          },
          "end": {
            "line": 72,
            "column": 5
          }
        },
        "line": 62
      },
      "6": {
        "name": "(anonymous_6)",
        "decl": {
          "start": {
            "line": 63,
            "column": 13
          },
          "end": {
            "line": 63,
            "column": 14
          }
        },
        "loc": {
          "start": {
            "line": 63,
            "column": 62
          },
          "end": {
            "line": 71,
            "column": 7
          }
        },
        "line": 63
      },
      "7": {
        "name": "(anonymous_7)",
        "decl": {
          "start": {
            "line": 76,
            "column": 65
          },
          "end": {
            "line": 76,
            "column": 66
          }
        },
        "loc": {
          "start": {
            "line": 76,
            "column": 75
          },
          "end": {
            "line": 86,
            "column": 3
          }
        },
        "line": 76
      },
      "8": {
        "name": "(anonymous_8)",
        "decl": {
          "start": {
            "line": 77,
            "column": 11
          },
          "end": {
            "line": 77,
            "column": 12
          }
        },
        "loc": {
          "start": {
            "line": 77,
            "column": 66
          },
          "end": {
            "line": 85,
            "column": 5
          }
        },
        "line": 77
      },
      "9": {
        "name": "(anonymous_9)",
        "decl": {
          "start": {
            "line": 88,
            "column": 89
          },
          "end": {
            "line": 88,
            "column": 90
          }
        },
        "loc": {
          "start": {
            "line": 88,
            "column": 101
          },
          "end": {
            "line": 98,
            "column": 3
          }
        },
        "line": 88
      },
      "10": {
        "name": "(anonymous_10)",
        "decl": {
          "start": {
            "line": 89,
            "column": 11
          },
          "end": {
            "line": 89,
            "column": 12
          }
        },
        "loc": {
          "start": {
            "line": 89,
            "column": 93
          },
          "end": {
            "line": 97,
            "column": 5
          }
        },
        "line": 89
      }
    },
    "branchMap": {
      "0": {
        "loc": {
          "start": {
            "line": 21,
            "column": 28
          },
          "end": {
            "line": 21,
            "column": 77
          }
        },
        "type": "binary-expr",
        "locations": [
          {
            "start": {
              "line": 21,
              "column": 28
            },
            "end": {
              "line": 21,
              "column": 71
            }
          },
          {
            "start": {
              "line": 21,
              "column": 75
            },
            "end": {
              "line": 21,
              "column": 77
            }
          }
        ],
        "line": 21
      },
      "1": {
        "loc": {
          "start": {
            "line": 32,
            "column": 14
          },
          "end": {
            "line": 32,
            "column": 47
          }
        },
        "type": "cond-expr",
        "locations": [
          {
            "start": {
              "line": 32,
              "column": 24
            },
            "end": {
              "line": 32,
              "column": 40
            }
          },
          {
            "start": {
              "line": 32,
              "column": 43
            },
            "end": {
              "line": 32,
              "column": 47
            }
          }
        ],
        "line": 32
      },
      "2": {
        "loc": {
          "start": {
            "line": 35,
            "column": 16
          },
          "end": {
            "line": 35,
            "column": 47
          }
        },
        "type": "binary-expr",
        "locations": [
          {
            "start": {
              "line": 35,
              "column": 16
            },
            "end": {
              "line": 35,
              "column": 41
            }
          },
          {
            "start": {
              "line": 35,
              "column": 45
            },
            "end": {
              "line": 35,
              "column": 47
            }
          }
        ],
        "line": 35
      },
      "3": {
        "loc": {
          "start": {
            "line": 37,
            "column": 17
          },
          "end": {
            "line": 37,
            "column": 81
          }
        },
        "type": "cond-expr",
        "locations": [
          {
            "start": {
              "line": 37,
              "column": 35
            },
            "end": {
              "line": 37,
              "column": 76
            }
          },
          {
            "start": {
              "line": 37,
              "column": 79
            },
            "end": {
              "line": 37,
              "column": 81
            }
          }
        ],
        "line": 37
      },
      "4": {
        "loc": {
          "start": {
            "line": 38,
            "column": 14
          },
          "end": {
            "line": 38,
            "column": 63
          }
        },
        "type": "cond-expr",
        "locations": [
          {
            "start": {
              "line": 38,
              "column": 24
            },
            "end": {
              "line": 38,
              "column": 56
            }
          },
          {
            "start": {
              "line": 38,
              "column": 59
            },
            "end": {
              "line": 38,
              "column": 63
            }
          }
        ],
        "line": 38
      },
      "5": {
        "loc": {
          "start": {
            "line": 51,
            "column": 28
          },
          "end": {
            "line": 51,
            "column": 53
          }
        },
        "type": "binary-expr",
        "locations": [
          {
            "start": {
              "line": 51,
              "column": 28
            },
            "end": {
              "line": 51,
              "column": 47
            }
          },
          {
            "start": {
              "line": 51,
              "column": 51
            },
            "end": {
              "line": 51,
              "column": 53
            }
          }
        ],
        "line": 51
      },
      "6": {
        "loc": {
          "start": {
            "line": 64,
            "column": 8
          },
          "end": {
            "line": 69,
            "column": 9
          }
        },
        "type": "if",
        "locations": [
          {
            "start": {
              "line": 64,
              "column": 8
            },
            "end": {
              "line": 69,
              "column": 9
            }
          },
          {
            "start": {},
            "end": {}
          }
        ],
        "line": 64
      },
      "7": {
        "loc": {
          "start": {
            "line": 70,
            "column": 15
          },
          "end": {
            "line": 70,
            "column": 50
          }
        },
        "type": "binary-expr",
        "locations": [
          {
            "start": {
              "line": 70,
              "column": 15
            },
            "end": {
              "line": 70,
              "column": 21
            }
          },
          {
            "start": {
              "line": 70,
              "column": 25
            },
            "end": {
              "line": 70,
              "column": 50
            }
          }
        ],
        "line": 70
      },
      "8": {
        "loc": {
          "start": {
            "line": 80,
            "column": 28
          },
          "end": {
            "line": 80,
            "column": 53
          }
        },
        "type": "binary-expr",
        "locations": [
          {
            "start": {
              "line": 80,
              "column": 28
            },
            "end": {
              "line": 80,
              "column": 47
            }
          },
          {
            "start": {
              "line": 80,
              "column": 51
            },
            "end": {
              "line": 80,
              "column": 53
            }
          }
        ],
        "line": 80
      },
      "9": {
        "loc": {
          "start": {
            "line": 92,
            "column": 28
          },
          "end": {
            "line": 92,
            "column": 53
          }
        },
        "type": "binary-expr",
        "locations": [
          {
            "start": {
              "line": 92,
              "column": 28
            },
            "end": {
              "line": 92,
              "column": 47
            }
          },
          {
            "start": {
              "line": 92,
              "column": 51
            },
            "end": {
              "line": 92,
              "column": 53
            }
          }
        ],
        "line": 92
      },
      "10": {
        "loc": {
          "start": {
            "line": 93,
            "column": 43
          },
          "end": {
            "line": 93,
            "column": 83
          }
        },
        "type": "binary-expr",
        "locations": [
          {
            "start": {
              "line": 93,
              "column": 43
            },
            "end": {
              "line": 93,
              "column": 77
            }
          },
          {
            "start": {
              "line": 93,
              "column": 81
            },
            "end": {
              "line": 93,
              "column": 83
            }
          }
        ],
        "line": 93
      }
    },
    "s": {
      "0": 0,
      "1": 0,
      "2": 0,
      "3": 0,
      "4": 0,
      "5": 0,
      "6": 0,
      "7": 0,
      "8": 0,
      "9": 0,
      "10": 0,
      "11": 0,
      "12": 0,
      "13": 0,
      "14": 0,
      "15": 0,
      "16": 0,
      "17": 0,
      "18": 0,
      "19": 0,
      "20": 0,
      "21": 0,
      "22": 0,
      "23": 0,
      "24": 0,
      "25": 0,
      "26": 0,
      "27": 0,
      "28": 0,
      "29": 0,
      "30": 0,
      "31": 0,
      "32": 0,
      "33": 0,
      "34": 0,
      "35": 0,
      "36": 0
    },
    "f": {
      "0": 0,
      "1": 0,
      "2": 0,
      "3": 0,
      "4": 0,
      "5": 0,
      "6": 0,
      "7": 0,
      "8": 0,
      "9": 0,
      "10": 0
    },
    "b": {
      "0": [
        0,
        0
      ],
      "1": [
        0,
        0
      ],
      "2": [
        0,
        0
      ],
      "3": [
        0,
        0
      ],
      "4": [
        0,
        0
      ],
      "5": [
        0,
        0
      ],
      "6": [
        0,
        0
      ],
      "7": [
        0,
        0
      ],
      "8": [
        0,
        0
      ],
      "9": [
        0,
        0
      ],
      "10": [
        0,
        0
      ]
    },
    "_coverageSchema": "1a1c01bbd47fc00a2c39e90264f33305004495a9",
    "hash": "3b24b2aca63724eb140e1764e0c6221d58c1ab8c"
  },
  "/Users/bytedance/project/personal/attachments/packages/monitor-sdk-browser/src/utils/instance-of.ts": {
    "path": "/Users/bytedance/project/personal/attachments/packages/monitor-sdk-browser/src/utils/instance-of.ts",
    "statementMap": {
      "0": {
        "start": {
          "line": 1,
          "column": 26
        },
        "end": {
          "line": 6,
          "column": 1
        }
      },
      "1": {
        "start": {
          "line": 2,
          "column": 2
        },
        "end": {
          "line": 4,
          "column": 3
        }
      },
      "2": {
        "start": {
          "line": 3,
          "column": 4
        },
        "end": {
          "line": 3,
          "column": 26
        }
      },
      "3": {
        "start": {
          "line": 5,
          "column": 2
        },
        "end": {
          "line": 5,
          "column": 15
        }
      }
    },
    "fnMap": {
      "0": {
        "name": "(anonymous_0)",
        "decl": {
          "start": {
            "line": 1,
            "column": 26
          },
          "end": {
            "line": 1,
            "column": 27
          }
        },
        "loc": {
          "start": {
            "line": 1,
            "column": 46
          },
          "end": {
            "line": 6,
            "column": 1
          }
        },
        "line": 1
      }
    },
    "branchMap": {
      "0": {
        "loc": {
          "start": {
            "line": 2,
            "column": 2
          },
          "end": {
            "line": 4,
            "column": 3
          }
        },
        "type": "if",
        "locations": [
          {
            "start": {
              "line": 2,
              "column": 2
            },
            "end": {
              "line": 4,
              "column": 3
            }
          },
          {
            "start": {},
            "end": {}
          }
        ],
        "line": 2
      }
    },
    "s": {
      "0": 1,
      "1": 0,
      "2": 0,
      "3": 0
    },
    "f": {
      "0": 0
    },
    "b": {
      "0": [
        0,
        0
      ]
    },
    "_coverageSchema": "1a1c01bbd47fc00a2c39e90264f33305004495a9",
    "hash": "e43e0b6fc47f6ed29a12f9a3c0b7cb59a853f626"
  },
  "/Users/bytedance/project/personal/attachments/packages/monitor-sdk-browser/src/utils/format-error.ts": {
    "path": "/Users/bytedance/project/personal/attachments/packages/monitor-sdk-browser/src/utils/format-error.ts",
    "statementMap": {
      "0": {
        "start": {
          "line": 17,
          "column": 2
        },
        "end": {
          "line": 24,
          "column": 3
        }
      },
      "1": {
        "start": {
          "line": 18,
          "column": 4
        },
        "end": {
          "line": 18,
          "column": 48
        }
      },
      "2": {
        "start": {
          "line": 19,
          "column": 9
        },
        "end": {
          "line": 24,
          "column": 3
        }
      },
      "3": {
        "start": {
          "line": 20,
          "column": 4
        },
        "end": {
          "line": 20,
          "column": 36
        }
      },
      "4": {
        "start": {
          "line": 23,
          "column": 4
        },
        "end": {
          "line": 23,
          "column": 38
        }
      },
      "5": {
        "start": {
          "line": 26,
          "column": 2
        },
        "end": {
          "line": 35,
          "column": 4
        }
      }
    },
    "fnMap": {
      "0": {
        "name": "formatError",
        "decl": {
          "start": {
            "line": 14,
            "column": 16
          },
          "end": {
            "line": 14,
            "column": 27
          }
        },
        "loc": {
          "start": {
            "line": 14,
            "column": 86
          },
          "end": {
            "line": 36,
            "column": 1
          }
        },
        "line": 14
      }
    },
    "branchMap": {
      "0": {
        "loc": {
          "start": {
            "line": 17,
            "column": 2
          },
          "end": {
            "line": 24,
            "column": 3
          }
        },
        "type": "if",
        "locations": [
          {
            "start": {
              "line": 17,
              "column": 2
            },
            "end": {
              "line": 24,
              "column": 3
            }
          },
          {
            "start": {
              "line": 19,
              "column": 9
            },
            "end": {
              "line": 24,
              "column": 3
            }
          }
        ],
        "line": 17
      },
      "1": {
        "loc": {
          "start": {
            "line": 19,
            "column": 9
          },
          "end": {
            "line": 24,
            "column": 3
          }
        },
        "type": "if",
        "locations": [
          {
            "start": {
              "line": 19,
              "column": 9
            },
            "end": {
              "line": 24,
              "column": 3
            }
          },
          {
            "start": {
              "line": 21,
              "column": 9
            },
            "end": {
              "line": 24,
              "column": 3
            }
          }
        ],
        "line": 19
      },
      "2": {
        "loc": {
          "start": {
            "line": 23,
            "column": 12
          },
          "end": {
            "line": 23,
            "column": 37
          }
        },
        "type": "binary-expr",
        "locations": [
          {
            "start": {
              "line": 23,
              "column": 12
            },
            "end": {
              "line": 23,
              "column": 20
            }
          },
          {
            "start": {
              "line": 23,
              "column": 24
            },
            "end": {
              "line": 23,
              "column": 31
            }
          },
          {
            "start": {
              "line": 23,
              "column": 35
            },
            "end": {
              "line": 23,
              "column": 37
            }
          }
        ],
        "line": 23
      }
    },
    "s": {
      "0": 0,
      "1": 0,
      "2": 0,
      "3": 0,
      "4": 0,
      "5": 0
    },
    "f": {
      "0": 0
    },
    "b": {
      "0": [
        0,
        0
      ],
      "1": [
        0,
        0
      ],
      "2": [
        0,
        0,
        0
      ]
    },
    "_coverageSchema": "1a1c01bbd47fc00a2c39e90264f33305004495a9",
    "hash": "04160579d40dbab657088ef45967c2e8172dc450"
  },
  "/Users/bytedance/project/personal/attachments/packages/monitor-sdk-browser/src/js-error/js-error-monitor.ts": {
    "path": "/Users/bytedance/project/personal/attachments/packages/monitor-sdk-browser/src/js-error/js-error-monitor.ts",
    "statementMap": {
      "0": {
        "start": {
          "line": 15,
          "column": 17
        },
        "end": {
          "line": 15,
          "column": 35
        }
      },
      "1": {
        "start": {
          "line": 17,
          "column": 2
        },
        "end": {
          "line": 19,
          "column": 3
        }
      },
      "2": {
        "start": {
          "line": 18,
          "column": 4
        },
        "end": {
          "line": 18,
          "column": 11
        }
      },
      "3": {
        "start": {
          "line": 21,
          "column": 22
        },
        "end": {
          "line": 26,
          "column": 3
        }
      },
      "4": {
        "start": {
          "line": 22,
          "column": 4
        },
        "end": {
          "line": 25,
          "column": 7
        }
      },
      "5": {
        "start": {
          "line": 28,
          "column": 26
        },
        "end": {
          "line": 33,
          "column": 3
        }
      },
      "6": {
        "start": {
          "line": 29,
          "column": 4
        },
        "end": {
          "line": 32,
          "column": 7
        }
      },
      "7": {
        "start": {
          "line": 35,
          "column": 27
        },
        "end": {
          "line": 38,
          "column": 3
        }
      },
      "8": {
        "start": {
          "line": 36,
          "column": 4
        },
        "end": {
          "line": 36,
          "column": 53
        }
      },
      "9": {
        "start": {
          "line": 37,
          "column": 4
        },
        "end": {
          "line": 37,
          "column": 70
        }
      },
      "10": {
        "start": {
          "line": 41,
          "column": 2
        },
        "end": {
          "line": 41,
          "column": 48
        }
      },
      "11": {
        "start": {
          "line": 42,
          "column": 2
        },
        "end": {
          "line": 42,
          "column": 65
        }
      },
      "12": {
        "start": {
          "line": 44,
          "column": 2
        },
        "end": {
          "line": 46,
          "column": 4
        }
      }
    },
    "fnMap": {
      "0": {
        "name": "createJsErrorMonitor",
        "decl": {
          "start": {
            "line": 14,
            "column": 16
          },
          "end": {
            "line": 14,
            "column": 36
          }
        },
        "loc": {
          "start": {
            "line": 14,
            "column": 69
          },
          "end": {
            "line": 47,
            "column": 1
          }
        },
        "line": 14
      },
      "1": {
        "name": "(anonymous_1)",
        "decl": {
[...]
          "line": 11,
          "column": 2
        },
        "end": {
          "line": 13,
          "column": 3
        }
      },
      "2": {
        "start": {
          "line": 12,
          "column": 4
        },
        "end": {
          "line": 12,
          "column": 11
        }
      },
      "3": {
        "start": {
          "line": 15,
          "column": 46
        },
        "end": {
          "line": 15,
          "column": 48
        }
      },
      "4": {
        "start": {
          "line": 17,
          "column": 54
        },
        "end": {
          "line": 19,
          "column": 3
        }
      },
      "5": {
        "start": {
          "line": 21,
          "column": 18
        },
        "end": {
          "line": 25,
          "column": 4
        }
      },
      "6": {
        "start": {
          "line": 22,
          "column": 4
        },
        "end": {
          "line": 24,
          "column": 7
        }
      },
      "7": {
        "start": {
          "line": 23,
          "column": 6
        },
        "end": {
          "line": 23,
          "column": 34
        }
      },
      "8": {
        "start": {
          "line": 32,
          "column": 19
        },
        "end": {
          "line": 49,
          "column": 3
        }
      },
      "9": {
        "start": {
          "line": 33,
          "column": 4
        },
        "end": {
          "line": 33,
          "column": 14
        }
      },
      "10": {
        "start": {
          "line": 35,
          "column": 16
        },
        "end": {
          "line": 35,
          "column": 86
        }
      },
      "11": {
        "start": {
          "line": 37,
          "column": 19
        },
        "end": {
          "line": 41,
          "column": 9
        }
      },
      "12": {
        "start": {
          "line": 38,
          "column": 38
        },
        "end": {
          "line": 38,
          "column": 43
        }
      },
      "13": {
        "start": {
          "line": 39,
          "column": 26
        },
        "end": {
          "line": 39,
          "column": 41
        }
      },
      "14": {
        "start": {
          "line": 40,
          "column": 6
        },
        "end": {
          "line": 40,
          "column": 61
        }
      },
      "15": {
        "start": {
          "line": 43,
          "column": 4
        },
        "end": {
          "line": 48,
          "column": 7
        }
      },
      "16": {
        "start": {
          "line": 51,
          "column": 2
        },
        "end": {
          "line": 51,
          "column": 31
        }
      },
      "17": {
        "start": {
          "line": 51,
          "column": 19
        },
        "end": {
          "line": 51,
          "column": 29
        }
      }
    },
    "fnMap": {
      "0": {
        "name": "(anonymous_0)",
        "decl": {
          "start": {
            "line": 10,
            "column": 34
          },
          "end": {
            "line": 10,
            "column": 35
          }
        },
        "loc": {
          "start": {
            "line": 10,
            "column": 68
          },
          "end": {
            "line": 52,
            "column": 1
          }
        },
        "line": 10
      },
      "1": {
        "name": "(anonymous_1)",
        "decl": {
          "start": {
            "line": 21,
            "column": 57
          },
          "end": {
            "line": 21,
            "column": 58
          }
        },
        "loc": {
          "start": {
            "line": 21,
            "column": 72
          },
          "end": {
            "line": 25,
            "column": 3
          }
        },
        "line": 21
      },
      "2": {
        "name": "(anonymous_2)",
        "decl": {
          "start": {
            "line": 22,
            "column": 22
          },
          "end": {
            "line": 22,
            "column": 23
          }
        },
        "loc": {
          "start": {
            "line": 22,
            "column": 33
          },
          "end": {
            "line": 24,
            "column": 5
          }
        },
        "line": 22
      },
      "3": {
        "name": "(anonymous_3)",
        "decl": {
          "start": {
            "line": 32,
            "column": 19
          },
          "end": {
            "line": 32,
            "column": 20
          }
        },
        "loc": {
          "start": {
            "line": 32,
            "column": 25
          },
          "end": {
            "line": 49,
            "column": 3
          }
        },
        "line": 32
      },
      "4": {
        "name": "(anonymous_4)",
        "decl": {
          "start": {
            "line": 37,
            "column": 42
          },
          "end": {
            "line": 37,
            "column": 43
          }
        },
        "loc": {
          "start": {
            "line": 37,
            "column": 58
          },
          "end": {
            "line": 41,
            "column": 5
          }
        },
        "line": 37
      },
      "5": {
        "name": "(anonymous_5)",
        "decl": {
          "start": {
            "line": 51,
            "column": 13
          },
          "end": {
            "line": 51,
            "column": 14
          }
        },
        "loc": {
          "start": {
            "line": 51,
            "column": 19
          },
          "end": {
            "line": 51,
            "column": 29
          }
        },
        "line": 51
      }
    },
    "branchMap": {
      "0": {
        "loc": {
          "start": {
            "line": 11,
            "column": 2
          },
          "end": {
            "line": 13,
            "column": 3
          }
        },
        "type": "if",
        "locations": [
          {
            "start": {
              "line": 11,
              "column": 2
            },
            "end": {
              "line": 13,
              "column": 3
            }
          },
          {
            "start": {},
            "end": {}
          }
        ],
        "line": 11
      },
      "1": {
        "loc": {
          "start": {
            "line": 11,
            "column": 6
          },
          "end": {
            "line": 11,
            "column": 52
          }
        },
        "type": "binary-expr",
        "locations": [
          {
            "start": {
              "line": 11,
              "column": 6
            },
            "end": {
              "line": 11,
              "column": 23
            }
          },
          {
            "start": {
              "line": 11,
              "column": 27
            },
            "end": {
              "line": 11,
              "column": 52
            }
          }
        ],
        "line": 11
      },
      "2": {
        "loc": {
          "start": {
            "line": 35,
            "column": 16
          },
          "end": {
            "line": 35,
            "column": 86
          }
        },
        "type": "binary-expr",
        "locations": [
          {
            "start": {
              "line": 35,
              "column": 16
            },
            "end": {
              "line": 35,
              "column": 81
            }
          },
          {
            "start": {
              "line": 35,
              "column": 85
            },
            "end": {
              "line": 35,
              "column": 86
            }
          }
        ],
        "line": 35
      },
      "3": {
        "loc": {
          "start": {
            "line": 40,
            "column": 13
          },
          "end": {
            "line": 40,
            "column": 60
          }
        },
        "type": "cond-expr",
        "locations": [
          {
            "start": {
              "line": 40,
              "column": 46
            },
            "end": {
              "line": 40,
              "column": 54
            }
          },
          {
            "start": {
              "line": 40,
              "column": 57
            },
            "end": {
              "line": 40,
              "column": 60
            }
          }
        ],
        "line": 40
      },
      "4": {
        "loc": {
          "start": {
            "line": 40,
            "column": 13
          },
          "end": {
            "line": 40,
            "column": 43
          }
        },
        "type": "binary-expr",
        "locations": [
          {
            "start": {
              "line": 40,
              "column": 13
            },
            "end": {
              "line": 40,
              "column": 27
            }
          },
          {
            "start": {
              "line": 40,
              "column": 31
            },
            "end": {
              "line": 40,
              "column": 43
            }
          }
        ],
        "line": 40
      }
    },
    "s": {
      "0": 1,
      "1": 0,
      "2": 0,
      "3": 0,
      "4": 0,
      "5": 0,
      "6": 0,
      "7": 0,
      "8": 0,
      "9": 0,
      "10": 0,
      "11": 0,
      "12": 0,
      "13": 0,
      "14": 0,
      "15": 0,
      "16": 0,
      "17": 0
    },
    "f": {
      "0": 0,
      "1": 0,
      "2": 0,
      "3": 0,
      "4": 0,
      "5": 0
    },
    "b": {
      "0": [
        0,
        0
      ],
      "1": [
        0,
        0
      ],
      "2": [
        0,
        0
      ],
      "3": [
        0,
        0
      ],
      "4": [
        0,
        0
      ]
    },
    "_coverageSchema": "1a1c01bbd47fc00a2c39e90264f33305004495a9",
    "hash": "c6efadde77fa7625af5762973667c42f3c17d2a6"
  },
  "/Users/bytedance/project/personal/attachments/packages/monitor-sdk-browser/src/fid/fid-monitor.ts": {
    "path": "/Users/bytedance/project/personal/attachments/packages/monitor-sdk-browser/src/fid/fid-monitor.ts",
    "statementMap": {
      "0": {
        "start": {
          "line": 9,
          "column": 32
        },
        "end": {
          "line": 50,
          "column": 1
        }
      },
      "1": {
        "start": {
          "line": 10,
          "column": 2
        },
        "end": {
          "line": 12,
          "column": 3
        }
      },
      "2": {
        "start": {
          "line": 11,
          "column": 4
        },
        "end": {
          "line": 11,
          "column": 11
        }
      },
      "3": {
        "start": {
          "line": 14,
          "column": 21
        },
        "end": {
          "line": 24,
          "column": 3
        }
      },
      "4": {
        "start": {
          "line": 15,
          "column": 4
        },
        "end": {
          "line": 17,
          "column": 5
        }
      },
      "5": {
        "start": {
          "line": 16,
          "column": 6
        },
        "end": {
          "line": 16,
          "column": 13
        }
      },
      "6": {
        "start": {
          "line": 18,
          "column": 4
        },
        "end": {
          "line": 23,
          "column": 7
        }
      },
      "7": {
        "start": {
          "line": 26,
          "column": 21
        },
        "end": {
          "line": 37,
          "column": 3
        }
      },
      "8": {
        "start": {
          "line": 27,
          "column": 4
        },
        "end": {
          "line": 36,
          "column": 6
        }
      },
      "9": {
        "start": {
          "line": 32,
          "column": 22
        },
        "end": {
          "line": 32,
          "column": 38
        }
      },
      "10": {
        "start": {
          "line": 33,
          "column": 8
        },
        "end": {
          "line": 33,
          "column": 38
        }
      },
      "11": {
        "start": {
          "line": 39,
          "column": 25
        },
        "end": {
          "line": 41,
          "column": 3
        }
      },
      "12": {
        "start": {
          "line": 40,
          "column": 4
        },
        "end": {
          "line": 40,
          "column": 83
        }
      },
      "13": {
        "start": {
          "line": 44,
          "column": 16
        },
        "end": {
          "line": 44,
          "column": 32
        }
      },
      "14": {
        "start": {
          "line": 45,
          "column": 2
        },
        "end": {
          "line": 49,
          "column": 3
        }
      },
      "15": {
        "start": {
          "line": 46,
          "column": 4
        },
        "end": {
          "line": 46,
          "column": 17
        }
      },
      "16": {
        "start": {
          "line": 48,
          "column": 4
        },
        "end": {
          "line": 48,
          "column": 34
        }
      }
    },
    "fnMap": {
      "0": {
        "name": "(anonymous_0)",
        "decl": {
          "start": {
            "line": 9,
            "column": 32
          },
          "end": {
            "line": 9,
            "column": 33
          }
        },
        "loc": {
          "start": {
            "line": 9,
            "column": 64
          },
          "end": {
            "line": 50,
            "column": 1
          }
        },
        "line": 9
      },
      "1": {
        "name": "(anonymous_1)",
        "decl": {
          "start": {
            "line": 14,
            "column": 21
          },
          "end": {
            "line": 14,
            "column": 22
          }
        },
        "loc": {
          "start": {
            "line": 14,
            "column": 42
          },
          "end": {
            "line": 24,
            "column": 3
          }
        },
        "line": 14
      },
      "2": {
        "name": "(anonymous_2)",
        "decl": {
          "start": {
            "line": 26,
            "column": 21
          },
          "end": {
            "line": 26,
            "column": 22
          }
        },
        "loc": {
          "start": {
            "line": 26,
            "column": 27
          },
          "end": {
            "line": 37,
            "column": 3
          }
        },
        "line": 26
      },
      "3": {
        "name": "(anonymous_3)",
        "decl": {
          "start": {
            "line": 31,
            "column": 6
          },
          "end": {
            "line": 31,
            "column": 7
          }
        },
        "loc": {
          "start": {
            "line": 31,
            "column": 21
          },
          "end": {
            "line": 34,
            "column": 7
          }
        },
        "line": 31
      },
      "4": {
        "name": "(anonymous_4)",
        "decl": {
          "start": {
            "line": 39,
            "column": 25
          },
          "end": {
            "line": 39,
            "column": 26
          }
        },
        "loc": {
          "start": {
            "line": 39,
            "column": 31
          },
          "end": {
            "line": 41,
            "column": 3
          }
        },
        "line": 39
      }
    },
    "branchMap": {
      "0": {
        "loc": {
          "start": {
            "line": 10,
            "column": 2
          },
          "end": {
            "line": 12,
            "column": 3
          }
        },
        "type": "if",
        "locations": [
          {
            "start": {
              "line": 10,
              "column": 2
            },
            "end": {
              "line": 12,
              "column": 3
            }
          },
          {
            "start": {},
            "end": {}
          }
        ],
        "line": 10
      },
      "1": {
        "loc": {
          "start": {
            "line": 15,
            "column": 4
          },
          "end": {
            "line": 17,
            "column": 5
          }
        },
        "type": "if",
        "locations": [
          {
            "start": {
              "line": 15,
              "column": 4
            },
            "end": {
              "line": 17,
              "column": 5
            }
          },
          {
            "start": {},
            "end": {}
          }
        ],
        "line": 15
      },
      "2": {
        "loc": {
          "start": {
            "line": 45,
            "column": 2
          },
          "end": {
            "line": 49,
            "column": 3
          }
        },
        "type": "if",
        "locations": [
          {
            "start": {
              "line": 45,
              "column": 2
            },
            "end": {
              "line": 49,
              "column": 3
            }
          },
          {
            "start": {
              "line": 47,
              "column": 9
            },
            "end": {
              "line": 49,
              "column": 3
            }
          }
        ],
        "line": 45
      }
    },
    "s": {
      "0": 1,
      "1": 0,
      "2": 0,
      "3": 0,
      "4": 0,
      "5": 0,
      "6": 0,
      "7": 0,
      "8": 0,
      "9": 0,
      "10": 0,
      "11": 0,
      "12": 0,
      "13": 0,
      "14": 0,
      "15": 0,
      "16": 0
    },
    "f": {
      "0": 0,
      "1": 0,
      "2": 0,
      "3": 0,
      "4": 0
    },
    "b": {
      "0": [
        0,
        0
      ],
      "1": [
        0,
        0
      ],
      "2": [
        0,
        0
      ]
    },
    "_coverageSchema": "1a1c01bbd47fc00a2c39e90264f33305004495a9",
    "hash": "c9f1ed6d4114af8790ecad5bc2139da08dc0e329"
  },
  "/Users/bytedance/project/personal/attachments/packages/monitor-sdk-browser/src/common-timing/common-timing-monitor.ts": {
    "path": "/Users/bytedance/project/personal/attachments/packages/monitor-sdk-browser/src/common-timing/common-timing-monitor.ts",
    "statementMap": {
      "0": {
        "start": {
          "line": 5,
          "column": 41
        },
        "end": {
          "line": 14,
          "column": 1
        }
      },
      "1": {
        "start": {
          "line": 6,
          "column": 2
        },
        "end": {
          "line": 13,
          "column": 5
        }
      },
      "2": {
        "start": {
          "line": 7,
          "column": 4
        },
        "end": {
          "line": 12,
          "column": 7
        }
      }
    },
    "fnMap": {
      "0": {
        "name": "(anonymous_0)",
        "decl": {
          "start": {
            "line": 5,
            "column": 41
          },
          "end": {
            "line": 5,
            "column": 42
          }
        },
        "loc": {
          "start": {
            "line": 5,
            "column": 82
          },
          "end": {
            "line": 14,
            "column": 1
          }
        },
        "line": 5
      },
      "1": {
        "name": "(anonymous_1)",
        "decl": {
          "start": {
            "line": 6,
            "column": 13
          },
          "end": {
            "line": 6,
            "column": 14
          }
        },
        "loc": {
          "start": {
            "line": 6,
            "column": 19
          },
          "end": {
            "line": 13,
            "column": 3
          }
        },
        "line": 6
      }
    },
    "branchMap": {},
    "s": {
      "0": 1,
      "1": 0,
      "2": 0
    },
    "f": {
      "0": 0,
      "1": 0
    },
    "b": {},
    "_coverageSchema": "1a1c01bbd47fc00a2c39e90264f33305004495a9",
    "hash": "fc54dd60644615abce1cb0095b48aad23570a176"
  },
  "/Users/bytedance/project/personal/attachments/packages/monitor-sdk-browser/src/index.ts": {
    "path": "/Users/bytedance/project/personal/attachments/packages/monitor-sdk-browser/src/index.ts",
    "statementMap": {},
    "fnMap": {},
    "branchMap": {},
    "s": {},
    "f": {},
    "b": {},
    "_coverageSchema": "1a1c01bbd47fc00a2c39e90264f33305004495a9",
    "hash": "cb52746fa7260b7fa6261ae5df1d1a28214c90c8"
  }
}